<?xml version="1.0" encoding="UTF-8"?>
<!-- Generated by org.testng.reporters.JUnitXMLReporter -->
<testsuite ignored="0" hostname="MYLOP6109355" failures="3" tests="7" name="BasicRegressionTest" time="0.077" errors="0" timestamp="2022-11-24T23:57:41 SGT">
  <testcase classname="day11.MyCRMApp5" name="loginApp" time="0.019">
    <failure type="java.lang.AssertionError" message="Tools name is matching expected [Selenium123] but found [Selenium]">
      <![CDATA[java.lang.AssertionError: Tools name is matching expected [Selenium123] but found [Selenium]
at day11.MyCRMApp5.loginApp(MyCRMApp5.java:13)
at java.base/java.util.ArrayList.forEach(ArrayList.java:1511)
... Removed 32 stack frames]]>
    </failure>
  </testcase> <!-- loginApp -->
  <testcase classname="day11.MyCRMApp5" name="marksTest" time="0.002">
    <failure type="java.lang.AssertionError" message="score are not matching expected [80] but found [990]">
      <![CDATA[java.lang.AssertionError: score are not matching expected [80] but found [990]
at day11.MyCRMApp5.marksTest(MyCRMApp5.java:21)
at java.base/java.util.ArrayList.forEach(ArrayList.java:1511)
... Removed 32 stack frames]]>
    </failure>
  </testcase> <!-- marksTest -->
  <testcase classname="day11.MyCRMApp5" name="toolName" time="0.002">
    <failure type="java.lang.AssertionError" message="expected [true] but found [false]">
      <![CDATA[java.lang.AssertionError: expected [true] but found [false]
at day11.MyCRMApp5.toolName(MyCRMApp5.java:29)
at java.base/java.util.ArrayList.forEach(ArrayList.java:1511)
... Removed 31 stack frames]]>
    </failure>
  </testcase> <!-- toolName -->
  <testcase classname="day11.MyFirstTestNg" name="test1" time="0.001"/>
  <testcase classname="day11.MyFirstTestNg" name="test2" time="0.0"/>
  <testcase classname="day11.MyFirstTestNg" name="test3" time="0.001"/>
  <testcase classname="day11.MyCRMApp4" name="loginApp" time="0.001"/>
</testsuite> <!-- BasicRegressionTest -->
